  IOCPModel.cpp
d:\github local repository\iocp-httpserver\src\httpserver_iocp\httpserver_iocp\winsock.h(31): error C3646: “addr”: 未知重写说明符
d:\github local repository\iocp-httpserver\src\httpserver_iocp\httpserver_iocp\winsock.h(31): error C4430: 缺少类型说明符 - 假定为 int。注意: C++ 不支持默认 int
d:\github local repository\iocp-httpserver\src\httpserver_iocp\httpserver_iocp\winsock.h(34): error C3646: “wsaData”: 未知重写说明符
d:\github local repository\iocp-httpserver\src\httpserver_iocp\httpserver_iocp\winsock.h(34): error C4430: 缺少类型说明符 - 假定为 int。注意: C++ 不支持默认 int
d:\github local repository\iocp-httpserver\src\httpserver_iocp\httpserver_iocp\winsock.h(47): error C2065: “wsaData”: 未声明的标识符
d:\github local repository\iocp-httpserver\src\httpserver_iocp\httpserver_iocp\winsock.h(47): error C3861: “WSAStartup”: 找不到标识符
d:\github local repository\iocp-httpserver\src\httpserver_iocp\httpserver_iocp\winsock.h(61): error C2039: “gethostname”: 不是“`global namespace'”的成员
d:\github local repository\iocp-httpserver\src\httpserver_iocp\httpserver_iocp\winsock.h(61): error C3861: “gethostname”: 找不到标识符
d:\github local repository\iocp-httpserver\src\httpserver_iocp\httpserver_iocp\winsock.h(63): error C2065: “hostent”: 未声明的标识符
d:\github local repository\iocp-httpserver\src\httpserver_iocp\httpserver_iocp\winsock.h(63): error C2065: “pHost”: 未声明的标识符
d:\github local repository\iocp-httpserver\src\httpserver_iocp\httpserver_iocp\winsock.h(63): error C2039: “gethostbyname”: 不是“`global namespace'”的成员
d:\github local repository\iocp-httpserver\src\httpserver_iocp\httpserver_iocp\winsock.h(63): error C3861: “gethostbyname”: 找不到标识符
d:\github local repository\iocp-httpserver\src\httpserver_iocp\httpserver_iocp\winsock.h(65): error C2079: “addr”使用未定义的 struct“WinSock::GetLocalIP::in_addr”
d:\github local repository\iocp-httpserver\src\httpserver_iocp\httpserver_iocp\winsock.h(67): error C2065: “pHost”: 未声明的标识符
d:\github local repository\iocp-httpserver\src\httpserver_iocp\httpserver_iocp\winsock.h(67): error C2227: “->h_addr_list”的左边必须指向类/结构/联合/泛型类型
  d:\github local repository\iocp-httpserver\src\httpserver_iocp\httpserver_iocp\winsock.h(67): note: 类型是“unknown-type”
d:\github local repository\iocp-httpserver\src\httpserver_iocp\httpserver_iocp\winsock.h(72): error C3861: “inet_ntoa”: 找不到标识符
d:\github local repository\iocp-httpserver\src\httpserver_iocp\httpserver_iocp\winsock.h(78): error C2039: “socket”: 不是“`global namespace'”的成员
d:\github local repository\iocp-httpserver\src\httpserver_iocp\httpserver_iocp\winsock.h(78): error C2065: “AF_INET”: 未声明的标识符
d:\github local repository\iocp-httpserver\src\httpserver_iocp\httpserver_iocp\winsock.h(78): error C2065: “SOCK_STREAM”: 未声明的标识符
d:\github local repository\iocp-httpserver\src\httpserver_iocp\httpserver_iocp\winsock.h(79): error C2065: “INVALID_SOCKET”: 未声明的标识符
d:\github local repository\iocp-httpserver\src\httpserver_iocp\httpserver_iocp\winsock.h(86): error C2039: “WSASocket”: 不是“`global namespace'”的成员
d:\github local repository\iocp-httpserver\src\httpserver_iocp\httpserver_iocp\winsock.h(86): error C2065: “AF_INET”: 未声明的标识符
d:\github local repository\iocp-httpserver\src\httpserver_iocp\httpserver_iocp\winsock.h(86): error C2065: “SOCK_STREAM”: 未声明的标识符
d:\github local repository\iocp-httpserver\src\httpserver_iocp\httpserver_iocp\winsock.h(86): error C2065: “WSA_FLAG_OVERLAPPED”: 未声明的标识符
d:\github local repository\iocp-httpserver\src\httpserver_iocp\httpserver_iocp\winsock.h(86): error C3861: “WSASocket”: 找不到标识符
d:\github local repository\iocp-httpserver\src\httpserver_iocp\httpserver_iocp\winsock.h(87): error C2065: “INVALID_SOCKET”: 未声明的标识符
d:\github local repository\iocp-httpserver\src\httpserver_iocp\httpserver_iocp\winsock.h(95): error C2065: “INVALID_SOCKET”: 未声明的标识符
d:\github local repository\iocp-httpserver\src\httpserver_iocp\httpserver_iocp\winsock.h(98): error C2079: “saddr”使用未定义的 struct“WinSock::Bind::sockaddr_in”
d:\github local repository\iocp-httpserver\src\httpserver_iocp\httpserver_iocp\winsock.h(99): error C2228: “.sin_family”的左边必须有类/结构/联合
  d:\github local repository\iocp-httpserver\src\httpserver_iocp\httpserver_iocp\winsock.h(99): note: 类型是“int”
d:\github local repository\iocp-httpserver\src\httpserver_iocp\httpserver_iocp\winsock.h(99): error C2065: “AF_INET”: 未声明的标识符
d:\github local repository\iocp-httpserver\src\httpserver_iocp\httpserver_iocp\winsock.h(100): error C2228: “.sin_port”的左边必须有类/结构/联合
  d:\github local repository\iocp-httpserver\src\httpserver_iocp\httpserver_iocp\winsock.h(100): note: 类型是“int”
d:\github local repository\iocp-httpserver\src\httpserver_iocp\httpserver_iocp\winsock.h(100): error C3861: “htons”: 找不到标识符
d:\github local repository\iocp-httpserver\src\httpserver_iocp\httpserver_iocp\winsock.h(101): error C2228: “.sin_addr”的左边必须有类/结构/联合
  d:\github local repository\iocp-httpserver\src\httpserver_iocp\httpserver_iocp\winsock.h(101): note: 类型是“int”
d:\github local repository\iocp-httpserver\src\httpserver_iocp\httpserver_iocp\winsock.h(101): error C2228: “.s_addr”的左边必须有类/结构/联合
d:\github local repository\iocp-httpserver\src\httpserver_iocp\httpserver_iocp\winsock.h(101): error C3861: “inet_addr”: 找不到标识符
d:\github local repository\iocp-httpserver\src\httpserver_iocp\httpserver_iocp\winsock.h(103): error C2039: “bind”: 不是“`global namespace'”的成员
d:\github local repository\iocp-httpserver\src\httpserver_iocp\httpserver_iocp\winsock.h(103): error C2065: “sockaddr”: 未声明的标识符
d:\github local repository\iocp-httpserver\src\httpserver_iocp\httpserver_iocp\winsock.h(103): error C2059: 语法错误:“)”
d:\github local repository\iocp-httpserver\src\httpserver_iocp\httpserver_iocp\winsock.h(104): error C2143: 语法错误: 缺少“;”(在“{”的前面)
d:\github local repository\iocp-httpserver\src\httpserver_iocp\httpserver_iocp\winsock.h(114): error C2065: “SOCKADDR_IN”: 未声明的标识符
d:\github local repository\iocp-httpserver\src\httpserver_iocp\httpserver_iocp\winsock.h(114): error C2146: 语法错误: 缺少“;”(在标识符“caddr”的前面)
d:\github local repository\iocp-httpserver\src\httpserver_iocp\httpserver_iocp\winsock.h(114): error C2065: “caddr”: 未声明的标识符
d:\github local repository\iocp-httpserver\src\httpserver_iocp\httpserver_iocp\winsock.h(115): error C2065: “caddr”: 未声明的标识符
d:\github local repository\iocp-httpserver\src\httpserver_iocp\httpserver_iocp\winsock.h(117): error C2065: “sockaddr”: 未声明的标识符
d:\github local repository\iocp-httpserver\src\httpserver_iocp\httpserver_iocp\winsock.h(117): error C2059: 语法错误:“)”
d:\github local repository\iocp-httpserver\src\httpserver_iocp\httpserver_iocp\winsock.h(121): error C2065: “caddr”: 未声明的标识符
d:\github local repository\iocp-httpserver\src\httpserver_iocp\httpserver_iocp\winsock.h(121): error C2228: “.sin_addr”的左边必须有类/结构/联合
  d:\github local repository\iocp-httpserver\src\httpserver_iocp\httpserver_iocp\winsock.h(121): note: 类型是“unknown-type”
d:\github local repository\iocp-httpserver\src\httpserver_iocp\httpserver_iocp\winsock.h(121): error C3861: “inet_ntoa”: 找不到标识符
d:\github local repository\iocp-httpserver\src\httpserver_iocp\httpserver_iocp\winsock.h(122): error C2065: “caddr”: 未声明的标识符
d:\github local repository\iocp-httpserver\src\httpserver_iocp\httpserver_iocp\winsock.h(122): error C2228: “.sin_port”的左边必须有类/结构/联合
  d:\github local repository\iocp-httpserver\src\httpserver_iocp\httpserver_iocp\winsock.h(122): note: 类型是“unknown-type”
d:\github local repository\iocp-httpserver\src\httpserver_iocp\httpserver_iocp\winsock.h(122): error C3861: “ntohs”: 找不到标识符
d:\github local repository\iocp-httpserver\src\httpserver_iocp\httpserver_iocp\winsock.h(130): error C3861: “recv”: 找不到标识符
d:\github local repository\iocp-httpserver\src\httpserver_iocp\httpserver_iocp\winsock.h(138): error C3861: “send”: 找不到标识符
d:\github local repository\iocp-httpserver\src\httpserver_iocp\httpserver_iocp\winsock.h(153): error C2065: “FIONBIO”: 未声明的标识符
d:\github local repository\iocp-httpserver\src\httpserver_iocp\httpserver_iocp\winsock.h(153): error C3861: “ioctlsocket”: 找不到标识符
d:\github local repository\iocp-httpserver\src\httpserver_iocp\httpserver_iocp\winsock.h(161): error C2065: “sockaddr_in”: 未声明的标识符
d:\github local repository\iocp-httpserver\src\httpserver_iocp\httpserver_iocp\winsock.h(161): error C2146: 语法错误: 缺少“;”(在标识符“saddr”的前面)
d:\github local repository\iocp-httpserver\src\httpserver_iocp\httpserver_iocp\winsock.h(161): error C2065: “saddr”: 未声明的标识符
d:\github local repository\iocp-httpserver\src\httpserver_iocp\httpserver_iocp\winsock.h(162): error C2065: “saddr”: 未声明的标识符
d:\github local repository\iocp-httpserver\src\httpserver_iocp\httpserver_iocp\winsock.h(162): error C2228: “.sin_family”的左边必须有类/结构/联合
  d:\github local repository\iocp-httpserver\src\httpserver_iocp\httpserver_iocp\winsock.h(162): note: 类型是“unknown-type”
d:\github local repository\iocp-httpserver\src\httpserver_iocp\httpserver_iocp\winsock.h(162): error C2065: “AF_INET”: 未声明的标识符
d:\github local repository\iocp-httpserver\src\httpserver_iocp\httpserver_iocp\winsock.h(163): error C2065: “saddr”: 未声明的标识符
d:\github local repository\iocp-httpserver\src\httpserver_iocp\httpserver_iocp\winsock.h(163): error C2228: “.sin_port”的左边必须有类/结构/联合
  d:\github local repository\iocp-httpserver\src\httpserver_iocp\httpserver_iocp\winsock.h(163): note: 类型是“unknown-type”
d:\github local repository\iocp-httpserver\src\httpserver_iocp\httpserver_iocp\winsock.h(163): error C3861: “htons”: 找不到标识符
d:\github local repository\iocp-httpserver\src\httpserver_iocp\httpserver_iocp\winsock.h(164): error C2065: “saddr”: 未声明的标识符
d:\github local repository\iocp-httpserver\src\httpserver_iocp\httpserver_iocp\winsock.h(164): error C2228: “.sin_addr”的左边必须有类/结构/联合
  d:\github local repository\iocp-httpserver\src\httpserver_iocp\httpserver_iocp\winsock.h(164): note: 类型是“unknown-type”
d:\github local repository\iocp-httpserver\src\httpserver_iocp\httpserver_iocp\winsock.h(164): error C2228: “.s_addr”的左边必须有类/结构/联合
d:\github local repository\iocp-httpserver\src\httpserver_iocp\httpserver_iocp\winsock.h(164): error C3861: “inet_addr”: 找不到标识符
d:\github local repository\iocp-httpserver\src\httpserver_iocp\httpserver_iocp\winsock.h(166): error C2065: “fd_set”: 未声明的标识符
d:\github local repository\iocp-httpserver\src\httpserver_iocp\httpserver_iocp\winsock.h(166): error C2146: 语法错误: 缺少“;”(在标识符“set”的前面)
d:\github local repository\iocp-httpserver\src\httpserver_iocp\httpserver_iocp\winsock.h(166): error C2065: “set”: 未声明的标识符
d:\github local repository\iocp-httpserver\src\httpserver_iocp\httpserver_iocp\winsock.h(167): error C2065: “sockaddr”: 未声明的标识符
d:\github local repository\iocp-httpserver\src\httpserver_iocp\httpserver_iocp\winsock.h(167): error C2059: 语法错误:“)”
d:\github local repository\iocp-httpserver\src\httpserver_iocp\httpserver_iocp\winsock.h(168): error C2143: 语法错误: 缺少“;”(在“{”的前面)
d:\github local repository\iocp-httpserver\src\httpserver_iocp\httpserver_iocp\winsock.h(169): error C2065: “set”: 未声明的标识符
d:\github local repository\iocp-httpserver\src\httpserver_iocp\httpserver_iocp\winsock.h(169): error C3861: “FD_ZERO”: 找不到标识符
d:\github local repository\iocp-httpserver\src\httpserver_iocp\httpserver_iocp\winsock.h(170): error C2065: “set”: 未声明的标识符
d:\github local repository\iocp-httpserver\src\httpserver_iocp\httpserver_iocp\winsock.h(170): error C3861: “FD_SET”: 找不到标识符
d:\github local repository\iocp-httpserver\src\httpserver_iocp\httpserver_iocp\winsock.h(171): error C2065: “timeval”: 未声明的标识符
d:\github local repository\iocp-httpserver\src\httpserver_iocp\httpserver_iocp\winsock.h(171): error C2146: 语法错误: 缺少“;”(在标识符“tm”的前面)
d:\github local repository\iocp-httpserver\src\httpserver_iocp\httpserver_iocp\winsock.h(171): warning C4091: “”: 没有声明变量时忽略“tm”的左侧
d:\github local repository\iocp-httpserver\src\httpserver_iocp\httpserver_iocp\winsock.h(172): error C2059: 语法错误:“.”
d:\github local repository\iocp-httpserver\src\httpserver_iocp\httpserver_iocp\winsock.h(173): error C2059: 语法错误:“.”
d:\github local repository\iocp-httpserver\src\httpserver_iocp\httpserver_iocp\winsock.h(174): error C2065: “set”: 未声明的标识符
d:\github local repository\iocp-httpserver\src\httpserver_iocp\httpserver_iocp\winsock.h(174): error C2275: “tm”: 将此类型用作表达式非法
  d:\windows kits\10\include\10.0.17134.0\ucrt\locale.h(60): note: 参见“tm”的声明
d:\github local repository\iocp-httpserver\src\httpserver_iocp\httpserver_iocp\winsock.h(174): error C3861: “select”: 找不到标识符
d:\github local repository\iocp-httpserver\src\httpserver_iocp\httpserver_iocp\winsock.h(190): error C3861: “closesocket”: 找不到标识符
d:\github local repository\iocp-httpserver\src\httpserver_iocp\httpserver_iocp\winsock.h(13): error C2011: “WinSock”:“class”类型重定义
  d:\github local repository\iocp-httpserver\src\httpserver_iocp\httpserver_iocp\winsock.h(13): note: 参见“WinSock”的声明
d:\github local repository\iocp-httpserver\src\httpserver_iocp\httpserver_iocp\winsock.h(39): error C2027: 使用了未定义类型“WinSock”
  d:\github local repository\iocp-httpserver\src\httpserver_iocp\httpserver_iocp\winsock.h(13): note: 参见“WinSock”的声明
d:\github local repository\iocp-httpserver\src\httpserver_iocp\httpserver_iocp\winsock.h(40): error C4430: 缺少类型说明符 - 假定为 int。注意: C++ 不支持默认 int
d:\github local repository\iocp-httpserver\src\httpserver_iocp\httpserver_iocp\winsock.h(42): warning C4508: “{ctor}”: 函数应返回一个值；假定“void”返回类型
d:\github local repository\iocp-httpserver\src\httpserver_iocp\httpserver_iocp\winsock.h(45): error C2027: 使用了未定义类型“WinSock”
  d:\github local repository\iocp-httpserver\src\httpserver_iocp\httpserver_iocp\winsock.h(13): note: 参见“WinSock”的声明
d:\github local repository\iocp-httpserver\src\httpserver_iocp\httpserver_iocp\winsock.h(47): error C2065: “wsaData”: 未声明的标识符
d:\github local repository\iocp-httpserver\src\httpserver_iocp\httpserver_iocp\winsock.h(50): error C2355: “this”: 只能在非静态成员函数或非静态数据成员初始值设定项的内部引用
d:\github local repository\iocp-httpserver\src\httpserver_iocp\httpserver_iocp\winsock.h(50): error C2227: “->_ShowMessage”的左边必须指向类/结构/联合/泛型类型
d:\github local repository\iocp-httpserver\src\httpserver_iocp\httpserver_iocp\winsock.h(56): error C2027: 使用了未定义类型“WinSock”
  d:\github local repository\iocp-httpserver\src\httpserver_iocp\httpserver_iocp\winsock.h(13): note: 参见“WinSock”的声明
d:\github local repository\iocp-httpserver\src\httpserver_iocp\httpserver_iocp\winsock.h(72): error C2065: “ip”: 未声明的标识符
d:\github local repository\iocp-httpserver\src\httpserver_iocp\httpserver_iocp\winsock.h(73): error C2065: “ip”: 未声明的标识符
d:\github local repository\iocp-httpserver\src\httpserver_iocp\httpserver_iocp\winsock.h(75): error C2027: 使用了未定义类型“WinSock”
  d:\github local repository\iocp-httpserver\src\httpserver_iocp\httpserver_iocp\winsock.h(13): note: 参见“WinSock”的声明
d:\github local repository\iocp-httpserver\src\httpserver_iocp\httpserver_iocp\winsock.h(78): error C2659: “=”: 作为左操作数
d:\github local repository\iocp-httpserver\src\httpserver_iocp\httpserver_iocp\winsock.h(79): error C2446: “==”: 没有从“SOCKET (__stdcall *)(int,int,int)”到“SOCKET”的转换
  d:\github local repository\iocp-httpserver\src\httpserver_iocp\httpserver_iocp\winsock.h(79): note: 没有使该转换得以执行的上下文
d:\github local repository\iocp-httpserver\src\httpserver_iocp\httpserver_iocp\winsock.h(81): error C2440: “return”: 无法从“SOCKET (__stdcall *)(int,int,int)”转换为“int”
  d:\github local repository\iocp-httpserver\src\httpserver_iocp\httpserver_iocp\winsock.h(81): note: 没有使该转换得以执行的上下文
d:\github local repository\iocp-httpserver\src\httpserver_iocp\httpserver_iocp\winsock.h(83): error C2027: 使用了未定义类型“WinSock”
  d:\github local repository\iocp-httpserver\src\httpserver_iocp\httpserver_iocp\winsock.h(13): note: 参见“WinSock”的声明
d:\github local repository\iocp-httpserver\src\httpserver_iocp\httpserver_iocp\winsock.h(86): error C2659: “=”: 作为左操作数
d:\github local repository\iocp-httpserver\src\httpserver_iocp\httpserver_iocp\winsock.h(87): error C2446: “==”: 没有从“SOCKET (__stdcall *)(int,int,int)”到“SOCKET”的转换
  d:\github local repository\iocp-httpserver\src\httpserver_iocp\httpserver_iocp\winsock.h(87): note: 没有使该转换得以执行的上下文
d:\github local repository\iocp-httpserver\src\httpserver_iocp\httpserver_iocp\winsock.h(88): error C2355: “this”: 只能在非静态成员函数或非静态数据成员初始值设定项的内部引用
d:\github local repository\iocp-httpserver\src\httpserver_iocp\httpserver_iocp\winsock.h(88): fatal error C1003: 错误计数超过 100；正在停止编译
  IOCP_main.cpp
d:\github local repository\iocp-httpserver\src\httpserver_iocp\httpserver_iocp\winsock.h(31): error C3646: “addr”: 未知重写说明符
d:\github local repository\iocp-httpserver\src\httpserver_iocp\httpserver_iocp\winsock.h(31): error C4430: 缺少类型说明符 - 假定为 int。注意: C++ 不支持默认 int
d:\github local repository\iocp-httpserver\src\httpserver_iocp\httpserver_iocp\winsock.h(34): error C3646: “wsaData”: 未知重写说明符
d:\github local repository\iocp-httpserver\src\httpserver_iocp\httpserver_iocp\winsock.h(34): error C4430: 缺少类型说明符 - 假定为 int。注意: C++ 不支持默认 int
d:\github local repository\iocp-httpserver\src\httpserver_iocp\httpserver_iocp\winsock.h(47): error C2065: “wsaData”: 未声明的标识符
d:\github local repository\iocp-httpserver\src\httpserver_iocp\httpserver_iocp\winsock.h(47): error C3861: “WSAStartup”: 找不到标识符
d:\github local repository\iocp-httpserver\src\httpserver_iocp\httpserver_iocp\winsock.h(61): error C2039: “gethostname”: 不是“`global namespace'”的成员
d:\github local repository\iocp-httpserver\src\httpserver_iocp\httpserver_iocp\winsock.h(61): error C3861: “gethostname”: 找不到标识符
d:\github local repository\iocp-httpserver\src\httpserver_iocp\httpserver_iocp\winsock.h(63): error C2065: “hostent”: 未声明的标识符
d:\github local repository\iocp-httpserver\src\httpserver_iocp\httpserver_iocp\winsock.h(63): error C2065: “pHost”: 未声明的标识符
d:\github local repository\iocp-httpserver\src\httpserver_iocp\httpserver_iocp\winsock.h(63): error C2039: “gethostbyname”: 不是“`global namespace'”的成员
d:\github local repository\iocp-httpserver\src\httpserver_iocp\httpserver_iocp\winsock.h(63): error C3861: “gethostbyname”: 找不到标识符
d:\github local repository\iocp-httpserver\src\httpserver_iocp\httpserver_iocp\winsock.h(65): error C2079: “addr”使用未定义的 struct“WinSock::GetLocalIP::in_addr”
d:\github local repository\iocp-httpserver\src\httpserver_iocp\httpserver_iocp\winsock.h(67): error C2065: “pHost”: 未声明的标识符
d:\github local repository\iocp-httpserver\src\httpserver_iocp\httpserver_iocp\winsock.h(67): error C2227: “->h_addr_list”的左边必须指向类/结构/联合/泛型类型
  d:\github local repository\iocp-httpserver\src\httpserver_iocp\httpserver_iocp\winsock.h(67): note: 类型是“unknown-type”
d:\github local repository\iocp-httpserver\src\httpserver_iocp\httpserver_iocp\winsock.h(72): error C3861: “inet_ntoa”: 找不到标识符
d:\github local repository\iocp-httpserver\src\httpserver_iocp\httpserver_iocp\winsock.h(78): error C2039: “socket”: 不是“`global namespace'”的成员
d:\github local repository\iocp-httpserver\src\httpserver_iocp\httpserver_iocp\winsock.h(78): error C2065: “AF_INET”: 未声明的标识符
d:\github local repository\iocp-httpserver\src\httpserver_iocp\httpserver_iocp\winsock.h(78): error C2065: “SOCK_STREAM”: 未声明的标识符
d:\github local repository\iocp-httpserver\src\httpserver_iocp\httpserver_iocp\winsock.h(79): error C2065: “INVALID_SOCKET”: 未声明的标识符
d:\github local repository\iocp-httpserver\src\httpserver_iocp\httpserver_iocp\winsock.h(86): error C2039: “WSASocket”: 不是“`global namespace'”的成员
d:\github local repository\iocp-httpserver\src\httpserver_iocp\httpserver_iocp\winsock.h(86): error C2065: “AF_INET”: 未声明的标识符
d:\github local repository\iocp-httpserver\src\httpserver_iocp\httpserver_iocp\winsock.h(86): error C2065: “SOCK_STREAM”: 未声明的标识符
d:\github local repository\iocp-httpserver\src\httpserver_iocp\httpserver_iocp\winsock.h(86): error C2065: “WSA_FLAG_OVERLAPPED”: 未声明的标识符
d:\github local repository\iocp-httpserver\src\httpserver_iocp\httpserver_iocp\winsock.h(86): error C3861: “WSASocket”: 找不到标识符
d:\github local repository\iocp-httpserver\src\httpserver_iocp\httpserver_iocp\winsock.h(87): error C2065: “INVALID_SOCKET”: 未声明的标识符
d:\github local repository\iocp-httpserver\src\httpserver_iocp\httpserver_iocp\winsock.h(95): error C2065: “INVALID_SOCKET”: 未声明的标识符
d:\github local repository\iocp-httpserver\src\httpserver_iocp\httpserver_iocp\winsock.h(98): error C2079: “saddr”使用未定义的 struct“WinSock::Bind::sockaddr_in”
d:\github local repository\iocp-httpserver\src\httpserver_iocp\httpserver_iocp\winsock.h(99): error C2228: “.sin_family”的左边必须有类/结构/联合
  d:\github local repository\iocp-httpserver\src\httpserver_iocp\httpserver_iocp\winsock.h(99): note: 类型是“int”
d:\github local repository\iocp-httpserver\src\httpserver_iocp\httpserver_iocp\winsock.h(99): error C2065: “AF_INET”: 未声明的标识符
d:\github local repository\iocp-httpserver\src\httpserver_iocp\httpserver_iocp\winsock.h(100): error C2228: “.sin_port”的左边必须有类/结构/联合
  d:\github local repository\iocp-httpserver\src\httpserver_iocp\httpserver_iocp\winsock.h(100): note: 类型是“int”
d:\github local repository\iocp-httpserver\src\httpserver_iocp\httpserver_iocp\winsock.h(100): error C3861: “htons”: 找不到标识符
d:\github local repository\iocp-httpserver\src\httpserver_iocp\httpserver_iocp\winsock.h(101): error C2228: “.sin_addr”的左边必须有类/结构/联合
  d:\github local repository\iocp-httpserver\src\httpserver_iocp\httpserver_iocp\winsock.h(101): note: 类型是“int”
d:\github local repository\iocp-httpserver\src\httpserver_iocp\httpserver_iocp\winsock.h(101): error C2228: “.s_addr”的左边必须有类/结构/联合
d:\github local repository\iocp-httpserver\src\httpserver_iocp\httpserver_iocp\winsock.h(101): error C3861: “inet_addr”: 找不到标识符
d:\github local repository\iocp-httpserver\src\httpserver_iocp\httpserver_iocp\winsock.h(103): error C2039: “bind”: 不是“`global namespace'”的成员
d:\github local repository\iocp-httpserver\src\httpserver_iocp\httpserver_iocp\winsock.h(103): error C2065: “sockaddr”: 未声明的标识符
d:\github local repository\iocp-httpserver\src\httpserver_iocp\httpserver_iocp\winsock.h(103): error C2059: 语法错误:“)”
d:\github local repository\iocp-httpserver\src\httpserver_iocp\httpserver_iocp\winsock.h(104): error C2143: 语法错误: 缺少“;”(在“{”的前面)
d:\github local repository\iocp-httpserver\src\httpserver_iocp\httpserver_iocp\winsock.h(114): error C2065: “SOCKADDR_IN”: 未声明的标识符
d:\github local repository\iocp-httpserver\src\httpserver_iocp\httpserver_iocp\winsock.h(114): error C2146: 语法错误: 缺少“;”(在标识符“caddr”的前面)
d:\github local repository\iocp-httpserver\src\httpserver_iocp\httpserver_iocp\winsock.h(114): error C2065: “caddr”: 未声明的标识符
d:\github local repository\iocp-httpserver\src\httpserver_iocp\httpserver_iocp\winsock.h(115): error C2065: “caddr”: 未声明的标识符
d:\github local repository\iocp-httpserver\src\httpserver_iocp\httpserver_iocp\winsock.h(117): error C2065: “sockaddr”: 未声明的标识符
d:\github local repository\iocp-httpserver\src\httpserver_iocp\httpserver_iocp\winsock.h(117): error C2059: 语法错误:“)”
d:\github local repository\iocp-httpserver\src\httpserver_iocp\httpserver_iocp\winsock.h(121): error C2065: “caddr”: 未声明的标识符
d:\github local repository\iocp-httpserver\src\httpserver_iocp\httpserver_iocp\winsock.h(121): error C2228: “.sin_addr”的左边必须有类/结构/联合
  d:\github local repository\iocp-httpserver\src\httpserver_iocp\httpserver_iocp\winsock.h(121): note: 类型是“unknown-type”
d:\github local repository\iocp-httpserver\src\httpserver_iocp\httpserver_iocp\winsock.h(121): error C3861: “inet_ntoa”: 找不到标识符
d:\github local repository\iocp-httpserver\src\httpserver_iocp\httpserver_iocp\winsock.h(122): error C2065: “caddr”: 未声明的标识符
d:\github local repository\iocp-httpserver\src\httpserver_iocp\httpserver_iocp\winsock.h(122): error C2228: “.sin_port”的左边必须有类/结构/联合
  d:\github local repository\iocp-httpserver\src\httpserver_iocp\httpserver_iocp\winsock.h(122): note: 类型是“unknown-type”
d:\github local repository\iocp-httpserver\src\httpserver_iocp\httpserver_iocp\winsock.h(122): error C3861: “ntohs”: 找不到标识符
d:\github local repository\iocp-httpserver\src\httpserver_iocp\httpserver_iocp\winsock.h(130): error C3861: “recv”: 找不到标识符
d:\github local repository\iocp-httpserver\src\httpserver_iocp\httpserver_iocp\winsock.h(138): error C3861: “send”: 找不到标识符
d:\github local repository\iocp-httpserver\src\httpserver_iocp\httpserver_iocp\winsock.h(153): error C2065: “FIONBIO”: 未声明的标识符
d:\github local repository\iocp-httpserver\src\httpserver_iocp\httpserver_iocp\winsock.h(153): error C3861: “ioctlsocket”: 找不到标识符
d:\github local repository\iocp-httpserver\src\httpserver_iocp\httpserver_iocp\winsock.h(161): error C2065: “sockaddr_in”: 未声明的标识符
d:\github local repository\iocp-httpserver\src\httpserver_iocp\httpserver_iocp\winsock.h(161): error C2146: 语法错误: 缺少“;”(在标识符“saddr”的前面)
d:\github local repository\iocp-httpserver\src\httpserver_iocp\httpserver_iocp\winsock.h(161): error C2065: “saddr”: 未声明的标识符
d:\github local repository\iocp-httpserver\src\httpserver_iocp\httpserver_iocp\winsock.h(162): error C2065: “saddr”: 未声明的标识符
d:\github local repository\iocp-httpserver\src\httpserver_iocp\httpserver_iocp\winsock.h(162): error C2228: “.sin_family”的左边必须有类/结构/联合
  d:\github local repository\iocp-httpserver\src\httpserver_iocp\httpserver_iocp\winsock.h(162): note: 类型是“unknown-type”
d:\github local repository\iocp-httpserver\src\httpserver_iocp\httpserver_iocp\winsock.h(162): error C2065: “AF_INET”: 未声明的标识符
d:\github local repository\iocp-httpserver\src\httpserver_iocp\httpserver_iocp\winsock.h(163): error C2065: “saddr”: 未声明的标识符
d:\github local repository\iocp-httpserver\src\httpserver_iocp\httpserver_iocp\winsock.h(163): error C2228: “.sin_port”的左边必须有类/结构/联合
  d:\github local repository\iocp-httpserver\src\httpserver_iocp\httpserver_iocp\winsock.h(163): note: 类型是“unknown-type”
d:\github local repository\iocp-httpserver\src\httpserver_iocp\httpserver_iocp\winsock.h(163): error C3861: “htons”: 找不到标识符
d:\github local repository\iocp-httpserver\src\httpserver_iocp\httpserver_iocp\winsock.h(164): error C2065: “saddr”: 未声明的标识符
d:\github local repository\iocp-httpserver\src\httpserver_iocp\httpserver_iocp\winsock.h(164): error C2228: “.sin_addr”的左边必须有类/结构/联合
  d:\github local repository\iocp-httpserver\src\httpserver_iocp\httpserver_iocp\winsock.h(164): note: 类型是“unknown-type”
d:\github local repository\iocp-httpserver\src\httpserver_iocp\httpserver_iocp\winsock.h(164): error C2228: “.s_addr”的左边必须有类/结构/联合
d:\github local repository\iocp-httpserver\src\httpserver_iocp\httpserver_iocp\winsock.h(164): error C3861: “inet_addr”: 找不到标识符
d:\github local repository\iocp-httpserver\src\httpserver_iocp\httpserver_iocp\winsock.h(166): error C2065: “fd_set”: 未声明的标识符
d:\github local repository\iocp-httpserver\src\httpserver_iocp\httpserver_iocp\winsock.h(166): error C2146: 语法错误: 缺少“;”(在标识符“set”的前面)
d:\github local repository\iocp-httpserver\src\httpserver_iocp\httpserver_iocp\winsock.h(166): error C2065: “set”: 未声明的标识符
d:\github local repository\iocp-httpserver\src\httpserver_iocp\httpserver_iocp\winsock.h(167): error C2065: “sockaddr”: 未声明的标识符
d:\github local repository\iocp-httpserver\src\httpserver_iocp\httpserver_iocp\winsock.h(167): error C2059: 语法错误:“)”
d:\github local repository\iocp-httpserver\src\httpserver_iocp\httpserver_iocp\winsock.h(168): error C2143: 语法错误: 缺少“;”(在“{”的前面)
d:\github local repository\iocp-httpserver\src\httpserver_iocp\httpserver_iocp\winsock.h(169): error C2065: “set”: 未声明的标识符
d:\github local repository\iocp-httpserver\src\httpserver_iocp\httpserver_iocp\winsock.h(169): error C3861: “FD_ZERO”: 找不到标识符
d:\github local repository\iocp-httpserver\src\httpserver_iocp\httpserver_iocp\winsock.h(170): error C2065: “set”: 未声明的标识符
d:\github local repository\iocp-httpserver\src\httpserver_iocp\httpserver_iocp\winsock.h(170): error C3861: “FD_SET”: 找不到标识符
d:\github local repository\iocp-httpserver\src\httpserver_iocp\httpserver_iocp\winsock.h(171): error C2065: “timeval”: 未声明的标识符
d:\github local repository\iocp-httpserver\src\httpserver_iocp\httpserver_iocp\winsock.h(171): error C2146: 语法错误: 缺少“;”(在标识符“tm”的前面)
d:\github local repository\iocp-httpserver\src\httpserver_iocp\httpserver_iocp\winsock.h(171): warning C4091: “”: 没有声明变量时忽略“tm”的左侧
d:\github local repository\iocp-httpserver\src\httpserver_iocp\httpserver_iocp\winsock.h(172): error C2059: 语法错误:“.”
d:\github local repository\iocp-httpserver\src\httpserver_iocp\httpserver_iocp\winsock.h(173): error C2059: 语法错误:“.”
d:\github local repository\iocp-httpserver\src\httpserver_iocp\httpserver_iocp\winsock.h(174): error C2065: “set”: 未声明的标识符
d:\github local repository\iocp-httpserver\src\httpserver_iocp\httpserver_iocp\winsock.h(174): error C2275: “tm”: 将此类型用作表达式非法
  d:\windows kits\10\include\10.0.17134.0\ucrt\locale.h(60): note: 参见“tm”的声明
d:\github local repository\iocp-httpserver\src\httpserver_iocp\httpserver_iocp\winsock.h(174): error C3861: “select”: 找不到标识符
d:\github local repository\iocp-httpserver\src\httpserver_iocp\httpserver_iocp\winsock.h(190): error C3861: “closesocket”: 找不到标识符
d:\github local repository\iocp-httpserver\src\httpserver_iocp\httpserver_iocp\winsock.h(13): error C2011: “WinSock”:“class”类型重定义
  d:\github local repository\iocp-httpserver\src\httpserver_iocp\httpserver_iocp\winsock.h(13): note: 参见“WinSock”的声明
d:\github local repository\iocp-httpserver\src\httpserver_iocp\httpserver_iocp\winsock.h(39): error C2027: 使用了未定义类型“WinSock”
  d:\github local repository\iocp-httpserver\src\httpserver_iocp\httpserver_iocp\winsock.h(13): note: 参见“WinSock”的声明
d:\github local repository\iocp-httpserver\src\httpserver_iocp\httpserver_iocp\winsock.h(40): error C4430: 缺少类型说明符 - 假定为 int。注意: C++ 不支持默认 int
d:\github local repository\iocp-httpserver\src\httpserver_iocp\httpserver_iocp\winsock.h(42): warning C4508: “{ctor}”: 函数应返回一个值；假定“void”返回类型
d:\github local repository\iocp-httpserver\src\httpserver_iocp\httpserver_iocp\winsock.h(45): error C2027: 使用了未定义类型“WinSock”
  d:\github local repository\iocp-httpserver\src\httpserver_iocp\httpserver_iocp\winsock.h(13): note: 参见“WinSock”的声明
d:\github local repository\iocp-httpserver\src\httpserver_iocp\httpserver_iocp\winsock.h(47): error C2065: “wsaData”: 未声明的标识符
d:\github local repository\iocp-httpserver\src\httpserver_iocp\httpserver_iocp\winsock.h(50): error C2355: “this”: 只能在非静态成员函数或非静态数据成员初始值设定项的内部引用
d:\github local repository\iocp-httpserver\src\httpserver_iocp\httpserver_iocp\winsock.h(50): error C2227: “->_ShowMessage”的左边必须指向类/结构/联合/泛型类型
d:\github local repository\iocp-httpserver\src\httpserver_iocp\httpserver_iocp\winsock.h(56): error C2027: 使用了未定义类型“WinSock”
  d:\github local repository\iocp-httpserver\src\httpserver_iocp\httpserver_iocp\winsock.h(13): note: 参见“WinSock”的声明
d:\github local repository\iocp-httpserver\src\httpserver_iocp\httpserver_iocp\winsock.h(72): error C2065: “ip”: 未声明的标识符
d:\github local repository\iocp-httpserver\src\httpserver_iocp\httpserver_iocp\winsock.h(73): error C2065: “ip”: 未声明的标识符
d:\github local repository\iocp-httpserver\src\httpserver_iocp\httpserver_iocp\winsock.h(75): error C2027: 使用了未定义类型“WinSock”
  d:\github local repository\iocp-httpserver\src\httpserver_iocp\httpserver_iocp\winsock.h(13): note: 参见“WinSock”的声明
d:\github local repository\iocp-httpserver\src\httpserver_iocp\httpserver_iocp\winsock.h(78): error C2659: “=”: 作为左操作数
d:\github local repository\iocp-httpserver\src\httpserver_iocp\httpserver_iocp\winsock.h(79): error C2446: “==”: 没有从“SOCKET (__stdcall *)(int,int,int)”到“SOCKET”的转换
  d:\github local repository\iocp-httpserver\src\httpserver_iocp\httpserver_iocp\winsock.h(79): note: 没有使该转换得以执行的上下文
d:\github local repository\iocp-httpserver\src\httpserver_iocp\httpserver_iocp\winsock.h(81): error C2440: “return”: 无法从“SOCKET (__stdcall *)(int,int,int)”转换为“int”
  d:\github local repository\iocp-httpserver\src\httpserver_iocp\httpserver_iocp\winsock.h(81): note: 没有使该转换得以执行的上下文
d:\github local repository\iocp-httpserver\src\httpserver_iocp\httpserver_iocp\winsock.h(83): error C2027: 使用了未定义类型“WinSock”
  d:\github local repository\iocp-httpserver\src\httpserver_iocp\httpserver_iocp\winsock.h(13): note: 参见“WinSock”的声明
d:\github local repository\iocp-httpserver\src\httpserver_iocp\httpserver_iocp\winsock.h(86): error C2659: “=”: 作为左操作数
d:\github local repository\iocp-httpserver\src\httpserver_iocp\httpserver_iocp\winsock.h(87): error C2446: “==”: 没有从“SOCKET (__stdcall *)(int,int,int)”到“SOCKET”的转换
  d:\github local repository\iocp-httpserver\src\httpserver_iocp\httpserver_iocp\winsock.h(87): note: 没有使该转换得以执行的上下文
d:\github local repository\iocp-httpserver\src\httpserver_iocp\httpserver_iocp\winsock.h(88): error C2355: “this”: 只能在非静态成员函数或非静态数据成员初始值设定项的内部引用
d:\github local repository\iocp-httpserver\src\httpserver_iocp\httpserver_iocp\winsock.h(88): fatal error C1003: 错误计数超过 100；正在停止编译
  WinSock.cpp
  正在生成代码...
