c:\users\chris\desktop\http服务器\src\winsocket\winsocket\debug\winsocket.pch
c:\users\chris\desktop\http服务器\src\winsocket\winsocket\debug\vc141.pdb
c:\users\chris\desktop\http服务器\src\winsocket\winsocket\debug\vc141.idb
c:\users\chris\desktop\http服务器\src\winsocket\winsocket\debug\stdafx.obj
c:\users\chris\desktop\http服务器\src\winsocket\winsocket\debug\winsocket.obj
c:\users\chris\desktop\http服务器\src\winsocket\winsocket\debug\socket.obj
c:\users\chris\desktop\http服务器\src\winsocket\winsocket\debug\dllmain.obj
c:\users\chris\desktop\http服务器\lib\winsocket.dll
c:\users\chris\desktop\http服务器\lib\winsocket.ilk
c:\users\chris\desktop\http服务器\lib\winsocket.pdb
c:\users\chris\desktop\http服务器\lib\winsocket.lib
c:\users\chris\desktop\http服务器\lib\winsocket.exp
c:\users\chris\desktop\http服务器\src\winsocket\winsocket\..\..\..\lib\winsocket.dll
c:\users\chris\desktop\http服务器\src\winsocket\winsocket\debug\winsocket.tlog\cl.command.1.tlog
c:\users\chris\desktop\http服务器\src\winsocket\winsocket\debug\winsocket.tlog\cl.read.1.tlog
c:\users\chris\desktop\http服务器\src\winsocket\winsocket\debug\winsocket.tlog\cl.write.1.tlog
c:\users\chris\desktop\http服务器\src\winsocket\winsocket\debug\winsocket.tlog\link.14424.delete.1.tlog
c:\users\chris\desktop\http服务器\src\winsocket\winsocket\debug\winsocket.tlog\link.14556.delete.1.tlog
c:\users\chris\desktop\http服务器\src\winsocket\winsocket\debug\winsocket.tlog\link.15736.delete.1.tlog
c:\users\chris\desktop\http服务器\src\winsocket\winsocket\debug\winsocket.tlog\link.command.1.tlog
c:\users\chris\desktop\http服务器\src\winsocket\winsocket\debug\winsocket.tlog\link.read.1.tlog
c:\users\chris\desktop\http服务器\src\winsocket\winsocket\debug\winsocket.tlog\link.write.1.tlog
c:\users\chris\desktop\http服务器\src\winsocket\winsocket\debug\winsocket.tlog\winsocket.write.1u.tlog
