  io_context_pool_class.cpp
  per_io_context_struct.cpp
  IOCPModel.cpp
d:\github local repository\iocp-httpserver\src\httpserver_iocp\iocpmodel.cpp(139): warning C4018: “<”: 有符号/无符号不匹配
  HTTP_server_main.cpp
d:\github local repository\iocp-httpserver\src\httpserver_iocp\http_server_main.cpp(40): warning C4101: “buf”: 未引用的局部变量
  http_response_class.cpp
d:\github local repository\iocp-httpserver\src\httpserver_iocp\http_response_class.cpp(54): warning C4018: “<”: 有符号/无符号不匹配
  memory_pool_class.cpp
  operation_type_enum.cpp
  socket_context_pool_class.cpp
d:\github local repository\iocp-httpserver\src\httpserver_iocp\memory_pool_class.h(51): warning C4624: “MemoryPool<_PER_SOCKET_CONTEXT,102400>::Slot_”: 已将析构函数隐式定义为“已删除”
  d:\github local repository\iocp-httpserver\src\httpserver_iocp\memory_pool_class.cpp(30): note: 参见对正在编译的 类 模板 实例化 "MemoryPool<_PER_SOCKET_CONTEXT,102400>::Slot_" 的引用
  d:\github local repository\iocp-httpserver\src\httpserver_iocp\memory_pool_class.cpp(26): note: 编译 类 模板 成员函数 "MemoryPool<_PER_SOCKET_CONTEXT,102400>::~MemoryPool(void) noexcept" 时
  d:\github local repository\iocp-httpserver\src\httpserver_iocp\socket_context_pool_class.cpp(6): note: 参见对正在编译的函数 模板 实例化“MemoryPool<_PER_SOCKET_CONTEXT,102400>::~MemoryPool(void) noexcept”的引用
  d:\github local repository\iocp-httpserver\src\httpserver_iocp\socket_context_pool_class.h(17): note: 参见对正在编译的 类 模板 实例化 "MemoryPool<_PER_SOCKET_CONTEXT,102400>" 的引用
  per_socket_context_struct.cpp
  winsock_class.cpp
  正在生成代码...
d:\github local repository\iocp-httpserver\src\httpserver_iocp\iocpmodel.cpp(68): warning C4715: “IOCPModel::StartServer”: 不是所有的控件路径都返回值
LINK : warning LNK4075: 忽略“/INCREMENTAL”(由于“/FORCE”规范)
IOCPModel.obj : warning LNK4006: "public: __thiscall IOContextPool::IOContextPool(void)" (??0IOContextPool@@QAE@XZ) 已在 io_context_pool_class.obj 中定义；已忽略第二个定义
IOCPModel.obj : warning LNK4006: "public: __thiscall IOContextPool::~IOContextPool(void)" (??1IOContextPool@@QAE@XZ) 已在 io_context_pool_class.obj 中定义；已忽略第二个定义
IOCPModel.obj : warning LNK4006: "public: struct _PER_IO_CONTEXT * __thiscall IOContextPool::AllocateIoContext(void)" (?AllocateIoContext@IOContextPool@@QAEPAU_PER_IO_CONTEXT@@XZ) 已在 io_context_pool_class.obj 中定义；已忽略第二个定义
IOCPModel.obj : warning LNK4006: "public: void __thiscall IOContextPool::ReleaseIOContext(struct _PER_IO_CONTEXT *)" (?ReleaseIOContext@IOContextPool@@QAEXPAU_PER_IO_CONTEXT@@@Z) 已在 io_context_pool_class.obj 中定义；已忽略第二个定义
HTTP_server_main.obj : warning LNK4006: "public: __thiscall IOContextPool::IOContextPool(void)" (??0IOContextPool@@QAE@XZ) 已在 io_context_pool_class.obj 中定义；已忽略第二个定义
HTTP_server_main.obj : warning LNK4006: "public: __thiscall IOContextPool::~IOContextPool(void)" (??1IOContextPool@@QAE@XZ) 已在 io_context_pool_class.obj 中定义；已忽略第二个定义
HTTP_server_main.obj : warning LNK4006: "public: struct _PER_IO_CONTEXT * __thiscall IOContextPool::AllocateIoContext(void)" (?AllocateIoContext@IOContextPool@@QAEPAU_PER_IO_CONTEXT@@XZ) 已在 io_context_pool_class.obj 中定义；已忽略第二个定义
HTTP_server_main.obj : warning LNK4006: "public: void __thiscall IOContextPool::ReleaseIOContext(struct _PER_IO_CONTEXT *)" (?ReleaseIOContext@IOContextPool@@QAEXPAU_PER_IO_CONTEXT@@@Z) 已在 io_context_pool_class.obj 中定义；已忽略第二个定义
socket_context_pool_class.obj : warning LNK4006: "public: __thiscall IOContextPool::IOContextPool(void)" (??0IOContextPool@@QAE@XZ) 已在 io_context_pool_class.obj 中定义；已忽略第二个定义
socket_context_pool_class.obj : warning LNK4006: "public: __thiscall IOContextPool::~IOContextPool(void)" (??1IOContextPool@@QAE@XZ) 已在 io_context_pool_class.obj 中定义；已忽略第二个定义
socket_context_pool_class.obj : warning LNK4006: "public: struct _PER_IO_CONTEXT * __thiscall IOContextPool::AllocateIoContext(void)" (?AllocateIoContext@IOContextPool@@QAEPAU_PER_IO_CONTEXT@@XZ) 已在 io_context_pool_class.obj 中定义；已忽略第二个定义
socket_context_pool_class.obj : warning LNK4006: "public: void __thiscall IOContextPool::ReleaseIOContext(struct _PER_IO_CONTEXT *)" (?ReleaseIOContext@IOContextPool@@QAEXPAU_PER_IO_CONTEXT@@@Z) 已在 io_context_pool_class.obj 中定义；已忽略第二个定义
per_socket_context_struct.obj : warning LNK4006: "public: __thiscall IOContextPool::IOContextPool(void)" (??0IOContextPool@@QAE@XZ) 已在 io_context_pool_class.obj 中定义；已忽略第二个定义
per_socket_context_struct.obj : warning LNK4006: "public: __thiscall IOContextPool::~IOContextPool(void)" (??1IOContextPool@@QAE@XZ) 已在 io_context_pool_class.obj 中定义；已忽略第二个定义
per_socket_context_struct.obj : warning LNK4006: "public: struct _PER_IO_CONTEXT * __thiscall IOContextPool::AllocateIoContext(void)" (?AllocateIoContext@IOContextPool@@QAEPAU_PER_IO_CONTEXT@@XZ) 已在 io_context_pool_class.obj 中定义；已忽略第二个定义
per_socket_context_struct.obj : warning LNK4006: "public: void __thiscall IOContextPool::ReleaseIOContext(struct _PER_IO_CONTEXT *)" (?ReleaseIOContext@IOContextPool@@QAEXPAU_PER_IO_CONTEXT@@@Z) 已在 io_context_pool_class.obj 中定义；已忽略第二个定义
..\..\..\bin\HTTPServer_IOCP.exe : warning LNK4088: 因 /FORCE 选项生成了映像；映像可能不能运行
  HTTPServer_IOCP.vcxproj -> D:\Github local repository\IOCP-HTTPServer\src\HTTPServer_IOCP\..\..\..\bin\HTTPServer_IOCP.exe
